[2022-08-14 18:20:53,749] logger_util.py->write_log line:65 [INFO] ------------------------接口请求开始-------------------------
[2022-08-14 18:20:53,749] logger_util.py->write_log line:65 [INFO] 接口名称：$csv{name}
[2022-08-14 18:20:53,749] logger_util.py->write_log line:65 [INFO] 请求头：None
[2022-08-14 18:20:53,749] logger_util.py->write_log line:65 [INFO] 请求路径：/superAdmin/user-manage/query-user-list?isExport=1
[2022-08-14 18:20:54,676] logger_util.py->write_log line:65 [INFO] ------------------返回的响应结果非字典类型，调用result_text_validatee方法断言-------------------
[2022-08-14 18:20:54,745] logger_util.py->write_log line:65 [INFO] 预期结果：{'contains': '{"return_code":"SUCCESS","return_msg":null}'}
[2022-08-14 18:20:54,745] logger_util.py->write_log line:65 [INFO] 接口执行成功
[2022-08-14 18:20:54,745] logger_util.py->write_log line:65 [INFO] ------------------------接口请求结束-------------------------

[2022-08-14 18:20:54,762] logger_util.py->write_log line:65 [INFO] ------------------------接口请求开始-------------------------
[2022-08-14 18:20:54,763] logger_util.py->write_log line:65 [INFO] 接口名称：发送整数：1adf
[2022-08-14 18:20:54,763] logger_util.py->write_log line:65 [INFO] 请求头：None
[2022-08-14 18:20:54,763] logger_util.py->write_log line:65 [INFO] 请求路径：/superAdmin/user-manage/give-adfun
[2022-08-14 18:20:54,763] logger_util.py->write_log line:65 [INFO] 接口替换前的请求数据：{'uid': '143', 'amount': '1', 'reason': '测试发放整数'}
[2022-08-14 18:20:55,300] logger_util.py->write_log line:65 [INFO] ------------------默认返回的响应结果是字典，调用result_validate方法断言-------------------
[2022-08-14 18:20:55,300] logger_util.py->write_log line:65 [INFO] 预期结果：[{'equals': {'return_code': 'SUCCESS'}}]
[2022-08-14 18:20:55,300] logger_util.py->write_log line:65 [INFO] 实际结果：{'return_code': 'SUCCESS', 'return_msg': '2208141820543365151315'}
[2022-08-14 18:20:55,300] logger_util.py->write_log line:65 [INFO] 接口执行成功
[2022-08-14 18:20:55,300] logger_util.py->write_log line:65 [INFO] ------------------------接口请求结束-------------------------

[2022-08-14 18:20:55,306] logger_util.py->write_log line:65 [INFO] ------------------------接口请求开始-------------------------
[2022-08-14 18:20:55,306] logger_util.py->write_log line:65 [INFO] 接口名称：发送一位小数：0.1adf
[2022-08-14 18:20:55,306] logger_util.py->write_log line:65 [INFO] 请求头：None
[2022-08-14 18:20:55,306] logger_util.py->write_log line:65 [INFO] 请求路径：/superAdmin/user-manage/give-adfun
[2022-08-14 18:20:55,307] logger_util.py->write_log line:65 [INFO] 接口替换前的请求数据：{'uid': '143', 'amount': '0.1', 'reason': '发送一位小数'}
[2022-08-14 18:20:55,826] logger_util.py->write_log line:65 [INFO] ------------------默认返回的响应结果是字典，调用result_validate方法断言-------------------
[2022-08-14 18:20:55,826] logger_util.py->write_log line:65 [INFO] 预期结果：[{'equals': {'return_code': 'SUCCESS'}}]
[2022-08-14 18:20:55,826] logger_util.py->write_log line:65 [INFO] 实际结果：{'return_code': 'SUCCESS', 'return_msg': '2208141820548765151324'}
[2022-08-14 18:20:55,826] logger_util.py->write_log line:65 [INFO] 接口执行成功
[2022-08-14 18:20:55,827] logger_util.py->write_log line:65 [INFO] ------------------------接口请求结束-------------------------

[2022-08-14 18:20:55,832] logger_util.py->write_log line:65 [INFO] ------------------------接口请求开始-------------------------
[2022-08-14 18:20:55,833] logger_util.py->write_log line:65 [INFO] 接口名称：发送两位小数：0.01adf
[2022-08-14 18:20:55,833] logger_util.py->write_log line:65 [INFO] 请求头：None
[2022-08-14 18:20:55,833] logger_util.py->write_log line:65 [INFO] 请求路径：/superAdmin/user-manage/give-adfun
[2022-08-14 18:20:55,833] logger_util.py->write_log line:65 [INFO] 接口替换前的请求数据：{'uid': '143', 'amount': '0.01', 'reason': '发送两位小数'}
[2022-08-14 18:20:56,343] logger_util.py->write_log line:65 [INFO] ------------------默认返回的响应结果是字典，调用result_validate方法断言-------------------
[2022-08-14 18:20:56,344] logger_util.py->write_log line:65 [INFO] 预期结果：[{'equals': {'return_code': 'SUCCESS'}}]
[2022-08-14 18:20:56,344] logger_util.py->write_log line:65 [INFO] 实际结果：{'return_code': 'SUCCESS', 'return_msg': '2208141820554035151772'}
[2022-08-14 18:20:56,344] logger_util.py->write_log line:65 [INFO] 接口执行成功
[2022-08-14 18:20:56,344] logger_util.py->write_log line:65 [INFO] ------------------------接口请求结束-------------------------

[2022-08-14 18:20:56,350] logger_util.py->write_log line:65 [INFO] ------------------------接口请求开始-------------------------
[2022-08-14 18:20:56,350] logger_util.py->write_log line:65 [INFO] 接口名称：发送数据为空
[2022-08-14 18:20:56,350] logger_util.py->write_log line:65 [INFO] 请求头：None
[2022-08-14 18:20:56,350] logger_util.py->write_log line:65 [INFO] 请求路径：/superAdmin/user-manage/give-adfun
[2022-08-14 18:20:56,350] logger_util.py->write_log line:65 [INFO] 接口替换前的请求数据：{'uid': '143', 'amount': '', 'reason': '发送两位小数'}
[2022-08-14 18:20:56,480] logger_util.py->write_log line:65 [INFO] ------------------默认返回的响应结果是字典，调用result_validate方法断言-------------------
[2022-08-14 18:20:56,480] logger_util.py->write_log line:65 [INFO] 预期结果：[{'equals': {'return_code': 'FAIL'}}]
[2022-08-14 18:20:56,480] logger_util.py->write_log line:65 [INFO] 实际结果：{'return_code': 'FAIL', 'return_msg': 'Amount不能为空。'}
[2022-08-14 18:20:56,481] logger_util.py->write_log line:65 [INFO] 接口执行成功
[2022-08-14 18:20:56,481] logger_util.py->write_log line:65 [INFO] ------------------------接口请求结束-------------------------

