[2022-08-14 11:54:31,655] logger_util.py->write_log line:65 [INFO] ------------------------接口请求开始-------------------------
[2022-08-14 11:54:31,655] logger_util.py->write_log line:65 [INFO] 接口名称：发送整数：1adf
[2022-08-14 11:54:31,655] logger_util.py->write_log line:65 [INFO] 请求头：None
[2022-08-14 11:54:31,655] logger_util.py->write_log line:65 [INFO] 请求路径：/superAdmin/user-manage/give-adfun
[2022-08-14 11:54:31,655] logger_util.py->write_log line:65 [INFO] 接口替换前的请求数据：{'uid': '143', 'amount': '1', 'reason': '测试发放整数'}
[2022-08-14 11:54:32,401] logger_util.py->write_log line:65 [INFO] ------------------默认返回的响应结果是字典，调用result_validate方法断言-------------------
[2022-08-14 11:54:32,401] logger_util.py->write_log line:65 [INFO] 预期结果：[{'equals': {'return_code': 'SUCCESS'}}]
[2022-08-14 11:54:32,402] logger_util.py->write_log line:65 [INFO] 实际结果：{'return_code': 'SUCCESS', 'return_msg': '2208141154317355151123'}
[2022-08-14 11:54:32,402] logger_util.py->write_log line:65 [INFO] 接口执行成功
[2022-08-14 11:54:32,402] logger_util.py->write_log line:65 [INFO] ------------------------接口请求结束-------------------------

[2022-08-14 11:54:32,408] logger_util.py->write_log line:65 [INFO] ------------------------接口请求开始-------------------------
[2022-08-14 11:54:32,408] logger_util.py->write_log line:65 [INFO] 接口名称：发送一位小数：0.1adf
[2022-08-14 11:54:32,408] logger_util.py->write_log line:65 [INFO] 请求头：None
[2022-08-14 11:54:32,408] logger_util.py->write_log line:65 [INFO] 请求路径：/superAdmin/user-manage/give-adfun
[2022-08-14 11:54:32,408] logger_util.py->write_log line:65 [INFO] 接口替换前的请求数据：{'uid': '143', 'amount': '0.1', 'reason': '发送一位小数'}
[2022-08-14 11:54:32,959] logger_util.py->write_log line:65 [INFO] ------------------默认返回的响应结果是字典，调用result_validate方法断言-------------------
[2022-08-14 11:54:32,959] logger_util.py->write_log line:65 [INFO] 预期结果：[{'equals': {'return_code': 'SUCCESS'}}]
[2022-08-14 11:54:32,960] logger_util.py->write_log line:65 [INFO] 实际结果：{'return_code': 'SUCCESS', 'return_msg': '2208141154324475151933'}
[2022-08-14 11:54:32,960] logger_util.py->write_log line:65 [INFO] 接口执行成功
[2022-08-14 11:54:32,960] logger_util.py->write_log line:65 [INFO] ------------------------接口请求结束-------------------------

[2022-08-14 11:54:32,965] logger_util.py->write_log line:65 [INFO] ------------------------接口请求开始-------------------------
[2022-08-14 11:54:32,966] logger_util.py->write_log line:65 [INFO] 接口名称：发送两位小数：0.01adf
[2022-08-14 11:54:32,966] logger_util.py->write_log line:65 [INFO] 请求头：None
[2022-08-14 11:54:32,966] logger_util.py->write_log line:65 [INFO] 请求路径：/superAdmin/user-manage/give-adfun
[2022-08-14 11:54:32,966] logger_util.py->write_log line:65 [INFO] 接口替换前的请求数据：{'uid': '143', 'amount': '0.01', 'reason': '发送两位小数'}
[2022-08-14 11:54:33,433] logger_util.py->write_log line:65 [INFO] ------------------默认返回的响应结果是字典，调用result_validate方法断言-------------------
[2022-08-14 11:54:33,433] logger_util.py->write_log line:65 [INFO] 预期结果：[{'equals': {'return_code': 'SUCCESS'}}]
[2022-08-14 11:54:33,434] logger_util.py->write_log line:65 [INFO] 实际结果：{'return_code': 'SUCCESS', 'return_msg': '2208141154329985151411'}
[2022-08-14 11:54:33,434] logger_util.py->write_log line:65 [INFO] 接口执行成功
[2022-08-14 11:54:33,434] logger_util.py->write_log line:65 [INFO] ------------------------接口请求结束-------------------------

[2022-08-14 11:54:33,440] logger_util.py->write_log line:65 [INFO] ------------------------接口请求开始-------------------------
[2022-08-14 11:54:33,440] logger_util.py->write_log line:65 [INFO] 接口名称：发送数据为空
[2022-08-14 11:54:33,440] logger_util.py->write_log line:65 [INFO] 请求头：None
[2022-08-14 11:54:33,440] logger_util.py->write_log line:65 [INFO] 请求路径：/superAdmin/user-manage/give-adfun
[2022-08-14 11:54:33,440] logger_util.py->write_log line:65 [INFO] 接口替换前的请求数据：{'uid': '143', 'amount': '', 'reason': '发送两位小数'}
[2022-08-14 11:54:33,617] logger_util.py->write_log line:65 [INFO] ------------------默认返回的响应结果是字典，调用result_validate方法断言-------------------
[2022-08-14 11:54:33,617] logger_util.py->write_log line:65 [INFO] 预期结果：[{'equals': {'return_code': 'FAIL'}}]
[2022-08-14 11:54:33,618] logger_util.py->write_log line:65 [INFO] 实际结果：{'return_code': 'FAIL', 'return_msg': 'Amount不能为空。'}
[2022-08-14 11:54:33,618] logger_util.py->write_log line:65 [INFO] 接口执行成功
[2022-08-14 11:54:33,618] logger_util.py->write_log line:65 [INFO] ------------------------接口请求结束-------------------------

