[2022-08-14 16:57:35,544] logger_util.py->write_log line:65 [INFO] ------------------------接口请求开始-------------------------
[2022-08-14 16:57:35,544] logger_util.py->write_log line:65 [INFO] 接口名称：批量发放adf-上传文件
[2022-08-14 16:57:35,545] logger_util.py->write_log line:65 [INFO] 请求头：None
[2022-08-14 16:57:35,545] logger_util.py->write_log line:65 [INFO] 请求路径：/superAdmin/user-manage/upload-adf
[2022-08-14 16:57:35,545] logger_util.py->write_log line:65 [INFO] 接口替换前的请求数据：{'async': 1}
[2022-08-14 16:57:36,058] logger_util.py->write_log line:65 [INFO] ---------接口返回结果：{"return_code":"SUCCESS","return_msg":{"taskId":91,"checkErrNum":0}}
[2022-08-14 16:57:36,059] logger_util.py->write_log line:65 [INFO] ------------------默认返回的响应结果是字典，调用result_validate方法断言-------------------
[2022-08-14 16:57:36,060] logger_util.py->write_log line:65 [INFO] 预期结果：[{'equals': {'return_code': 'SUCCESS'}}]
[2022-08-14 16:57:36,060] logger_util.py->write_log line:65 [INFO] 实际结果：{'return_code': 'SUCCESS', 'return_msg': {'taskId': 91, 'checkErrNum': 0}}
[2022-08-14 16:57:36,060] logger_util.py->write_log line:65 [INFO] 接口执行成功
[2022-08-14 16:57:36,060] logger_util.py->write_log line:65 [INFO] ------------------------接口请求结束-------------------------

[2022-08-14 16:57:36,060] logger_util.py->write_log line:65 [INFO] analysic_extract进入正则提取判断
[2022-08-14 16:57:36,060] logger_util.py->write_log line:65 [INFO] --------------提取到的值是：91
[2022-08-14 16:57:36,061] logger_util.py->write_log line:65 [INFO] --------------------taskId提取成功--------------------


[2022-08-14 16:57:36,067] logger_util.py->write_log line:65 [INFO] ------------------------接口请求开始-------------------------
[2022-08-14 16:57:36,067] logger_util.py->write_log line:65 [INFO] 接口名称：批量发放adf-提交
[2022-08-14 16:57:36,067] logger_util.py->write_log line:65 [INFO] 请求头：None
[2022-08-14 16:57:36,067] logger_util.py->write_log line:65 [INFO] 请求路径：/superAdmin/user-manage/grant-adf-confirm
[2022-08-14 16:57:36,067] logger_util.py->write_log line:65 [INFO] 接口替换前的请求数据：{'taskId': '{{taskId}}'}
[2022-08-14 16:57:36,242] logger_util.py->write_log line:65 [INFO] ---------接口返回结果：{"return_code":"SUCCESS","return_msg":true}
[2022-08-14 16:57:36,242] logger_util.py->write_log line:65 [INFO] ------------------默认返回的响应结果是字典，调用result_validate方法断言-------------------
[2022-08-14 16:57:36,243] logger_util.py->write_log line:65 [INFO] 预期结果：[{'equals': {'return_code': 'SUCCESS'}}]
[2022-08-14 16:57:36,243] logger_util.py->write_log line:65 [INFO] 实际结果：{'return_code': 'SUCCESS', 'return_msg': True}
[2022-08-14 16:57:36,243] logger_util.py->write_log line:65 [INFO] 接口执行成功
[2022-08-14 16:57:36,243] logger_util.py->write_log line:65 [INFO] ------------------------接口请求结束-------------------------

